<?xml version="1.0" encoding="UTF-8"?>
<!-- Generated by org.testng.reporters.JUnitXMLReporter -->
<testsuite ignored="0" hostname="LAPTOP-DODIBQIH" failures="2" tests="4" name="Chrome" time="61.981" errors="0" timestamp="2025-09-13T23:13:02 IST">
  <testcase classname="testcases.LoginTest_DDT" name="login" time="11.442"/>
  <testcase classname="testcases.LoginTest_DDT" name="login" time="9.898">
    <failure type="java.lang.AssertionError" message="expected [true] but found [false]">
      <![CDATA[java.lang.AssertionError: expected [true] but found [false]
at testcases.LoginTest_DDT.login(LoginTest_DDT.java:59)
at java.base/java.util.ArrayList.forEach(ArrayList.java:1596)
... Removed 29 stack frames]]>
    </failure>
  </testcase> <!-- login -->
  <testcase classname="testcases.LoginTest_DDT" name="login" time="10.053">
    <failure type="java.lang.AssertionError" message="expected [true] but found [false]">
      <![CDATA[java.lang.AssertionError: expected [true] but found [false]
at testcases.LoginTest_DDT.login(LoginTest_DDT.java:59)
at java.base/java.util.ArrayList.forEach(ArrayList.java:1596)
... Removed 29 stack frames]]>
    </failure>
  </testcase> <!-- login -->
  <testcase classname="testcases.LoginTest_DDT" name="login" time="18.922"/>
</testsuite> <!-- Chrome -->
