<?xml version="1.0" encoding="UTF-8"?>
<!-- Generated by org.testng.reporters.JUnitXMLReporter -->
<testsuite ignored="0" hostname="LAPTOP-DODIBQIH" failures="2" tests="4" name="LoginDDT" time="59.97" errors="0" timestamp="2025-09-16T13:51:53 IST">
  <testcase classname="testcases.LoginTest_DDT" name="login" time="10.398"/>
  <testcase classname="testcases.LoginTest_DDT" name="login" time="11.37">
    <failure type="java.lang.AssertionError" message="expected [true] but found [false]">
      <![CDATA[java.lang.AssertionError: expected [true] but found [false]
at testcases.LoginTest_DDT.login(LoginTest_DDT.java:59)
at java.base/java.util.ArrayList.forEach(ArrayList.java:1596)
... Removed 33 stack frames]]>
    </failure>
  </testcase> <!-- login -->
  <testcase classname="testcases.LoginTest_DDT" name="login" time="10.342">
    <failure type="java.lang.AssertionError" message="expected [true] but found [false]">
      <![CDATA[java.lang.AssertionError: expected [true] but found [false]
at testcases.LoginTest_DDT.login(LoginTest_DDT.java:59)
at java.base/java.util.ArrayList.forEach(ArrayList.java:1596)
... Removed 33 stack frames]]>
    </failure>
  </testcase> <!-- login -->
  <testcase classname="testcases.LoginTest_DDT" name="login" time="18.875"/>
</testsuite> <!-- LoginDDT -->
