<?xml version="1.0" encoding="UTF-8"?>
<testng-results ignored="0" total="2" passed="2" failed="0" skipped="0">
  <reporter-output>
  </reporter-output>
  <suite started-at="2025-09-24T15:38:19 IST" name="Suite" finished-at="2025-09-24T15:38:54 IST" duration-ms="34526">
    <groups>
      <group name="Regression">
        <method signature="LoginTest.login()[pri:0, instance:testcases.LoginTest@327514f]" name="login" class="testcases.LoginTest"/>
        <method signature="LoginTest.login()[pri:0, instance:testcases.LoginTest@5fbe4146]" name="login" class="testcases.LoginTest"/>
      </group> <!-- Regression -->
    </groups>
    <test started-at="2025-09-24T15:38:19 IST" name="chrometest" finished-at="2025-09-24T15:38:36 IST" duration-ms="16609">
      <class name="testcases.LoginTest">
        <test-method is-config="true" signature="login(java.lang.String,java.lang.String)[pri:0, instance:testcases.LoginTest@327514f]" started-at="2025-09-24T15:38:20 IST" name="login" finished-at="2025-09-24T15:38:25 IST" duration-ms="5459" status="PASS">
          <params>
            <param index="0">
              <value>
                <![CDATA[chrome]]>
              </value>
            </param>
            <param index="1">
              <value>
                <![CDATA[Windows]]>
              </value>
            </param>
          </params>
          <reporter-output>
          </reporter-output>
        </test-method> <!-- login -->
        <test-method signature="login()[pri:0, instance:testcases.LoginTest@327514f]" started-at="2025-09-24T15:38:25 IST" name="login" finished-at="2025-09-24T15:38:35 IST" duration-ms="10283" status="PASS">
          <reporter-output>
          </reporter-output>
        </test-method> <!-- login -->
        <test-method is-config="true" signature="teardown()[pri:0, instance:testcases.LoginTest@327514f]" started-at="2025-09-24T15:38:35 IST" name="teardown" finished-at="2025-09-24T15:38:36 IST" duration-ms="410" status="PASS">
          <reporter-output>
          </reporter-output>
        </test-method> <!-- teardown -->
      </class> <!-- testcases.LoginTest -->
    </test> <!-- chrometest -->
    <test started-at="2025-09-24T15:38:37 IST" name="edgetest" finished-at="2025-09-24T15:38:54 IST" duration-ms="16446">
      <class name="testcases.LoginTest">
        <test-method is-config="true" signature="login(java.lang.String,java.lang.String)[pri:0, instance:testcases.LoginTest@5fbe4146]" started-at="2025-09-24T15:38:37 IST" name="login" finished-at="2025-09-24T15:38:42 IST" duration-ms="5010" status="PASS">
          <params>
            <param index="0">
              <value>
                <![CDATA[edge]]>
              </value>
            </param>
            <param index="1">
              <value>
                <![CDATA[Windows]]>
              </value>
            </param>
          </params>
          <reporter-output>
          </reporter-output>
        </test-method> <!-- login -->
        <test-method signature="login()[pri:0, instance:testcases.LoginTest@5fbe4146]" started-at="2025-09-24T15:38:42 IST" name="login" finished-at="2025-09-24T15:38:53 IST" duration-ms="10726" status="PASS">
          <reporter-output>
          </reporter-output>
        </test-method> <!-- login -->
        <test-method is-config="true" signature="teardown()[pri:0, instance:testcases.LoginTest@5fbe4146]" started-at="2025-09-24T15:38:53 IST" name="teardown" finished-at="2025-09-24T15:38:54 IST" duration-ms="686" status="PASS">
          <reporter-output>
          </reporter-output>
        </test-method> <!-- teardown -->
      </class> <!-- testcases.LoginTest -->
    </test> <!-- edgetest -->
  </suite> <!-- Suite -->
</testng-results>
